[     228ms] [ERROR] Failed to load resource: the server responded with a status of 404 (Not Found) @ http://localhost:1420/favicon.ico:0
[   11211ms] [WARNING] [Vue warn]: Unhandled error during execution of watcher callback 
  at <Home onVnodeUnmounted=fn<onVnodeUnmounted> ref=Ref< Proxy(Object) > > 
  at <RouterView> 
  at <App> @ http://localhost:1420/node_modules/.vite/deps/chunk-LZ3HUG3H.js?v=c950ec10:2203
[   11288ms] TypeError: Cannot read properties of undefined (reading 'invoke')
    at invoke (http://localhost:1420/node_modules/.vite/deps/chunk-G7S6KQDI.js?v=c950ec10:109:37)
    at Proxy.fetchCatalog (http://localhost:1420/src/stores/library.ts?t=1776998678775:58:29)
    at Proxy.wrappedAction (http://localhost:1420/node_modules/.vite/deps/pinia.js?v=c950ec10:1106:18)
    at store.<computed> (http://localhost:1420/node_modules/.vite/deps/pinia.js?v=c950ec10:784:44)
    at watch.immediate (http://localhost:1420/src/views/Home.vue?t=1776998678775:124:30)
    at callWithErrorHandling (http://localhost:1420/node_modules/.vite/deps/chunk-LZ3HUG3H.js?v=c950ec10:2351:19)
    at callWithAsyncErrorHandling (http://localhost:1420/node_modules/.vite/deps/chunk-LZ3HUG3H.js?v=c950ec10:2358:17)
    at baseWatchOptions.call (http://localhost:1420/node_modules/.vite/deps/chunk-LZ3HUG3H.js?v=c950ec10:3043:47)
    at job (http://localhost:1420/node_modules/.vite/deps/chunk-LZ3HUG3H.js?v=c950ec10:2081:18)
    at flushPreFlushCbs (http://localhost:1420/node_modules/.vite/deps/chunk-LZ3HUG3H.js?v=c950ec10:2507:7)
[   20152ms] [WARNING] [Vue warn]: Unhandled error during execution of watcher callback 
  at <Home onVnodeUnmounted=fn<onVnodeUnmounted> ref=Ref< Proxy(Object) > > 
  at <RouterView> 
  at <App> @ http://localhost:1420/node_modules/.vite/deps/chunk-LZ3HUG3H.js?v=c950ec10:2203
[   20235ms] TypeError: Cannot read properties of undefined (reading 'invoke')
    at invoke (http://localhost:1420/node_modules/.vite/deps/chunk-G7S6KQDI.js?v=c950ec10:109:37)
    at Proxy.fetchCatalog (http://localhost:1420/src/stores/library.ts?t=1776998678775:58:29)
    at Proxy.wrappedAction (http://localhost:1420/node_modules/.vite/deps/pinia.js?v=c950ec10:1106:18)
    at store.<computed> (http://localhost:1420/node_modules/.vite/deps/pinia.js?v=c950ec10:784:44)
    at watch.immediate (http://localhost:1420/src/views/Home.vue?t=1776998678775:124:30)
    at callWithErrorHandling (http://localhost:1420/node_modules/.vite/deps/chunk-LZ3HUG3H.js?v=c950ec10:2351:19)
    at callWithAsyncErrorHandling (http://localhost:1420/node_modules/.vite/deps/chunk-LZ3HUG3H.js?v=c950ec10:2358:17)
    at baseWatchOptions.call (http://localhost:1420/node_modules/.vite/deps/chunk-LZ3HUG3H.js?v=c950ec10:3043:47)
    at job (http://localhost:1420/node_modules/.vite/deps/chunk-LZ3HUG3H.js?v=c950ec10:2081:18)
    at flushPreFlushCbs (http://localhost:1420/node_modules/.vite/deps/chunk-LZ3HUG3H.js?v=c950ec10:2507:7)
[   24173ms] [WARNING] [Vue warn]: Unhandled error during execution of watcher callback 
  at <Home onVnodeUnmounted=fn<onVnodeUnmounted> ref=Ref< Proxy(Object) > > 
  at <RouterView> 
  at <App> @ http://localhost:1420/node_modules/.vite/deps/chunk-LZ3HUG3H.js?v=c950ec10:2203
[   24264ms] TypeError: Cannot read properties of undefined (reading 'invoke')
    at invoke (http://localhost:1420/node_modules/.vite/deps/chunk-G7S6KQDI.js?v=c950ec10:109:37)
    at Proxy.fetchCatalog (http://localhost:1420/src/stores/library.ts?t=1776998678775:58:29)
    at Proxy.wrappedAction (http://localhost:1420/node_modules/.vite/deps/pinia.js?v=c950ec10:1106:18)
    at store.<computed> (http://localhost:1420/node_modules/.vite/deps/pinia.js?v=c950ec10:784:44)
    at watch.immediate (http://localhost:1420/src/views/Home.vue?t=1776998678775:124:30)
    at callWithErrorHandling (http://localhost:1420/node_modules/.vite/deps/chunk-LZ3HUG3H.js?v=c950ec10:2351:19)
    at callWithAsyncErrorHandling (http://localhost:1420/node_modules/.vite/deps/chunk-LZ3HUG3H.js?v=c950ec10:2358:17)
    at baseWatchOptions.call (http://localhost:1420/node_modules/.vite/deps/chunk-LZ3HUG3H.js?v=c950ec10:3043:47)
    at job (http://localhost:1420/node_modules/.vite/deps/chunk-LZ3HUG3H.js?v=c950ec10:2081:18)
    at flushPreFlushCbs (http://localhost:1420/node_modules/.vite/deps/chunk-LZ3HUG3H.js?v=c950ec10:2507:7)
[   31073ms] [WARNING] [Vue warn]: Unhandled error during execution of watcher callback 
  at <Home onVnodeUnmounted=fn<onVnodeUnmounted> ref=Ref< Proxy(Object) > > 
  at <RouterView> 
  at <App> @ http://localhost:1420/node_modules/.vite/deps/chunk-LZ3HUG3H.js?v=c950ec10:2203
[   31159ms] TypeError: Cannot read properties of undefined (reading 'invoke')
    at invoke (http://localhost:1420/node_modules/.vite/deps/chunk-G7S6KQDI.js?v=c950ec10:109:37)
    at Proxy.fetchCatalog (http://localhost:1420/src/stores/library.ts?t=1776998678775:58:29)
    at Proxy.wrappedAction (http://localhost:1420/node_modules/.vite/deps/pinia.js?v=c950ec10:1106:18)
    at store.<computed> (http://localhost:1420/node_modules/.vite/deps/pinia.js?v=c950ec10:784:44)
    at watch.immediate (http://localhost:1420/src/views/Home.vue?t=1776998678775:124:30)
    at callWithErrorHandling (http://localhost:1420/node_modules/.vite/deps/chunk-LZ3HUG3H.js?v=c950ec10:2351:19)
    at callWithAsyncErrorHandling (http://localhost:1420/node_modules/.vite/deps/chunk-LZ3HUG3H.js?v=c950ec10:2358:17)
    at baseWatchOptions.call (http://localhost:1420/node_modules/.vite/deps/chunk-LZ3HUG3H.js?v=c950ec10:3043:47)
    at job (http://localhost:1420/node_modules/.vite/deps/chunk-LZ3HUG3H.js?v=c950ec10:2081:18)
    at flushPreFlushCbs (http://localhost:1420/node_modules/.vite/deps/chunk-LZ3HUG3H.js?v=c950ec10:2507:7)
[   31705ms] [WARNING] [Vue warn]: Unhandled error during execution of watcher callback 
  at <Home onVnodeUnmounted=fn<onVnodeUnmounted> ref=Ref< Proxy(Object) > > 
  at <RouterView> 
  at <App> @ http://localhost:1420/node_modules/.vite/deps/chunk-LZ3HUG3H.js?v=c950ec10:2203
[   31793ms] TypeError: Cannot read properties of undefined (reading 'invoke')
    at invoke (http://localhost:1420/node_modules/.vite/deps/chunk-G7S6KQDI.js?v=c950ec10:109:37)
    at Proxy.fetchCatalog (http://localhost:1420/src/stores/library.ts?t=1776998678775:58:29)
    at Proxy.wrappedAction (http://localhost:1420/node_modules/.vite/deps/pinia.js?v=c950ec10:1106:18)
    at store.<computed> (http://localhost:1420/node_modules/.vite/deps/pinia.js?v=c950ec10:784:44)
    at watch.immediate (http://localhost:1420/src/views/Home.vue?t=1776998678775:124:30)
    at callWithErrorHandling (http://localhost:1420/node_modules/.vite/deps/chunk-LZ3HUG3H.js?v=c950ec10:2351:19)
    at callWithAsyncErrorHandling (http://localhost:1420/node_modules/.vite/deps/chunk-LZ3HUG3H.js?v=c950ec10:2358:17)
    at baseWatchOptions.call (http://localhost:1420/node_modules/.vite/deps/chunk-LZ3HUG3H.js?v=c950ec10:3043:47)
    at job (http://localhost:1420/node_modules/.vite/deps/chunk-LZ3HUG3H.js?v=c950ec10:2081:18)
    at flushPreFlushCbs (http://localhost:1420/node_modules/.vite/deps/chunk-LZ3HUG3H.js?v=c950ec10:2507:7)
[   32374ms] [WARNING] [Vue warn]: Unhandled error during execution of watcher callback 
  at <Home onVnodeUnmounted=fn<onVnodeUnmounted> ref=Ref< Proxy(Object) > > 
  at <RouterView> 
  at <App> @ http://localhost:1420/node_modules/.vite/deps/chunk-LZ3HUG3H.js?v=c950ec10:2203
[   32466ms] TypeError: Cannot read properties of undefined (reading 'invoke')
    at invoke (http://localhost:1420/node_modules/.vite/deps/chunk-G7S6KQDI.js?v=c950ec10:109:37)
    at Proxy.fetchCatalog (http://localhost:1420/src/stores/library.ts?t=1776998678775:58:29)
    at Proxy.wrappedAction (http://localhost:1420/node_modules/.vite/deps/pinia.js?v=c950ec10:1106:18)
    at store.<computed> (http://localhost:1420/node_modules/.vite/deps/pinia.js?v=c950ec10:784:44)
    at watch.immediate (http://localhost:1420/src/views/Home.vue?t=1776998678775:124:30)
    at callWithErrorHandling (http://localhost:1420/node_modules/.vite/deps/chunk-LZ3HUG3H.js?v=c950ec10:2351:19)
    at callWithAsyncErrorHandling (http://localhost:1420/node_modules/.vite/deps/chunk-LZ3HUG3H.js?v=c950ec10:2358:17)
    at baseWatchOptions.call (http://localhost:1420/node_modules/.vite/deps/chunk-LZ3HUG3H.js?v=c950ec10:3043:47)
    at job (http://localhost:1420/node_modules/.vite/deps/chunk-LZ3HUG3H.js?v=c950ec10:2081:18)
    at flushPreFlushCbs (http://localhost:1420/node_modules/.vite/deps/chunk-LZ3HUG3H.js?v=c950ec10:2507:7)
[   41091ms] [WARNING] [Vue warn]: Unhandled error during execution of watcher callback 
  at <Home onVnodeUnmounted=fn<onVnodeUnmounted> ref=Ref< Proxy(Object) > > 
  at <RouterView> 
  at <App> @ http://localhost:1420/node_modules/.vite/deps/chunk-LZ3HUG3H.js?v=c950ec10:2203
[   41180ms] TypeError: Cannot read properties of undefined (reading 'invoke')
    at invoke (http://localhost:1420/node_modules/.vite/deps/chunk-G7S6KQDI.js?v=c950ec10:109:37)
    at Proxy.fetchCatalog (http://localhost:1420/src/stores/library.ts?t=1776998678775:58:29)
    at Proxy.wrappedAction (http://localhost:1420/node_modules/.vite/deps/pinia.js?v=c950ec10:1106:18)
    at store.<computed> (http://localhost:1420/node_modules/.vite/deps/pinia.js?v=c950ec10:784:44)
    at watch.immediate (http://localhost:1420/src/views/Home.vue?t=1776998678775:124:30)
    at callWithErrorHandling (http://localhost:1420/node_modules/.vite/deps/chunk-LZ3HUG3H.js?v=c950ec10:2351:19)
    at callWithAsyncErrorHandling (http://localhost:1420/node_modules/.vite/deps/chunk-LZ3HUG3H.js?v=c950ec10:2358:17)
    at baseWatchOptions.call (http://localhost:1420/node_modules/.vite/deps/chunk-LZ3HUG3H.js?v=c950ec10:3043:47)
    at job (http://localhost:1420/node_modules/.vite/deps/chunk-LZ3HUG3H.js?v=c950ec10:2081:18)
    at flushPreFlushCbs (http://localhost:1420/node_modules/.vite/deps/chunk-LZ3HUG3H.js?v=c950ec10:2507:7)
[   41857ms] [WARNING] [Vue warn]: Unhandled error during execution of watcher callback 
  at <Home onVnodeUnmounted=fn<onVnodeUnmounted> ref=Ref< Proxy(Object) > > 
  at <RouterView> 
  at <App> @ http://localhost:1420/node_modules/.vite/deps/chunk-LZ3HUG3H.js?v=c950ec10:2203
[   41946ms] TypeError: Cannot read properties of undefined (reading 'invoke')
    at invoke (http://localhost:1420/node_modules/.vite/deps/chunk-G7S6KQDI.js?v=c950ec10:109:37)
    at Proxy.fetchCatalog (http://localhost:1420/src/stores/library.ts?t=1776998678775:58:29)
    at Proxy.wrappedAction (http://localhost:1420/node_modules/.vite/deps/pinia.js?v=c950ec10:1106:18)
    at store.<computed> (http://localhost:1420/node_modules/.vite/deps/pinia.js?v=c950ec10:784:44)
    at watch.immediate (http://localhost:1420/src/views/Home.vue?t=1776998678775:124:30)
    at callWithErrorHandling (http://localhost:1420/node_modules/.vite/deps/chunk-LZ3HUG3H.js?v=c950ec10:2351:19)
    at callWithAsyncErrorHandling (http://localhost:1420/node_modules/.vite/deps/chunk-LZ3HUG3H.js?v=c950ec10:2358:17)
    at baseWatchOptions.call (http://localhost:1420/node_modules/.vite/deps/chunk-LZ3HUG3H.js?v=c950ec10:3043:47)
    at job (http://localhost:1420/node_modules/.vite/deps/chunk-LZ3HUG3H.js?v=c950ec10:2081:18)
    at flushPreFlushCbs (http://localhost:1420/node_modules/.vite/deps/chunk-LZ3HUG3H.js?v=c950ec10:2507:7)
[   42426ms] [WARNING] [Vue warn]: Unhandled error during execution of watcher callback 
  at <Home onVnodeUnmounted=fn<onVnodeUnmounted> ref=Ref< Proxy(Object) > > 
  at <RouterView> 
  at <App> @ http://localhost:1420/node_modules/.vite/deps/chunk-LZ3HUG3H.js?v=c950ec10:2203
[   42521ms] TypeError: Cannot read properties of undefined (reading 'invoke')
    at invoke (http://localhost:1420/node_modules/.vite/deps/chunk-G7S6KQDI.js?v=c950ec10:109:37)
    at Proxy.fetchCatalog (http://localhost:1420/src/stores/library.ts?t=1776998678775:58:29)
    at Proxy.wrappedAction (http://localhost:1420/node_modules/.vite/deps/pinia.js?v=c950ec10:1106:18)
    at store.<computed> (http://localhost:1420/node_modules/.vite/deps/pinia.js?v=c950ec10:784:44)
    at watch.immediate (http://localhost:1420/src/views/Home.vue?t=1776998678775:124:30)
    at callWithErrorHandling (http://localhost:1420/node_modules/.vite/deps/chunk-LZ3HUG3H.js?v=c950ec10:2351:19)
    at callWithAsyncErrorHandling (http://localhost:1420/node_modules/.vite/deps/chunk-LZ3HUG3H.js?v=c950ec10:2358:17)
    at baseWatchOptions.call (http://localhost:1420/node_modules/.vite/deps/chunk-LZ3HUG3H.js?v=c950ec10:3043:47)
    at job (http://localhost:1420/node_modules/.vite/deps/chunk-LZ3HUG3H.js?v=c950ec10:2081:18)
    at flushPreFlushCbs (http://localhost:1420/node_modules/.vite/deps/chunk-LZ3HUG3H.js?v=c950ec10:2507:7)
[   42954ms] [WARNING] [Vue warn]: Unhandled error during execution of watcher callback 
  at <Home onVnodeUnmounted=fn<onVnodeUnmounted> ref=Ref< Proxy(Object) > > 
  at <RouterView> 
  at <App> @ http://localhost:1420/node_modules/.vite/deps/chunk-LZ3HUG3H.js?v=c950ec10:2203
[   43046ms] TypeError: Cannot read properties of undefined (reading 'invoke')
    at invoke (http://localhost:1420/node_modules/.vite/deps/chunk-G7S6KQDI.js?v=c950ec10:109:37)
    at Proxy.fetchCatalog (http://localhost:1420/src/stores/library.ts?t=1776998678775:58:29)
    at Proxy.wrappedAction (http://localhost:1420/node_modules/.vite/deps/pinia.js?v=c950ec10:1106:18)
    at store.<computed> (http://localhost:1420/node_modules/.vite/deps/pinia.js?v=c950ec10:784:44)
    at watch.immediate (http://localhost:1420/src/views/Home.vue?t=1776998678775:124:30)
    at callWithErrorHandling (http://localhost:1420/node_modules/.vite/deps/chunk-LZ3HUG3H.js?v=c950ec10:2351:19)
    at callWithAsyncErrorHandling (http://localhost:1420/node_modules/.vite/deps/chunk-LZ3HUG3H.js?v=c950ec10:2358:17)
    at baseWatchOptions.call (http://localhost:1420/node_modules/.vite/deps/chunk-LZ3HUG3H.js?v=c950ec10:3043:47)
    at job (http://localhost:1420/node_modules/.vite/deps/chunk-LZ3HUG3H.js?v=c950ec10:2081:18)
    at flushPreFlushCbs (http://localhost:1420/node_modules/.vite/deps/chunk-LZ3HUG3H.js?v=c950ec10:2507:7)
